0 info it worked if it ends with ok
1 verbose cli [ '/usr/local/bin/node', '/usr/local/bin/npm', 'install' ]
2 info using npm@2.10.1
3 info using node@v0.12.4
4 verbose readDependencies loading dependencies from /home/alan/chat-nodejs-angujar/package.json
5 verbose install where, deps [ '/home/alan/chat-nodejs-angujar',
5 verbose install   [ 'body-parser',
5 verbose install     'cookie-parser',
5 verbose install     'debug',
5 verbose install     'express',
5 verbose install     'jade',
5 verbose install     'morgan',
5 verbose install     'serve-favicon' ] ]
6 verbose install where, peers [ '/home/alan/chat-nodejs-angujar', [] ]
7 verbose installManyTop reading for lifecycle /home/alan/chat-nodejs-angujar/package.json
8 info preinstall chat-nodejs-angujar@0.0.0
9 verbose readDependencies loading dependencies from /home/alan/chat-nodejs-angujar/package.json
10 silly cache add args [ 'express@~4.12.4', null ]
11 verbose cache add spec express@~4.12.4
12 silly cache add parsed spec { raw: 'express@~4.12.4',
12 silly cache add   scope: null,
12 silly cache add   name: 'express',
12 silly cache add   rawSpec: '~4.12.4',
12 silly cache add   spec: '>=4.12.4 <4.13.0',
12 silly cache add   type: 'range' }
13 silly addNamed express@>=4.12.4 <4.13.0
14 verbose addNamed ">=4.12.4 <4.13.0" is a valid semver range for express
15 silly addNameRange { name: 'express', range: '>=4.12.4 <4.13.0', hasData: false }
16 silly mapToRegistry name express
17 silly mapToRegistry using default registry
18 silly mapToRegistry registry https://registry.npmjs.org/
19 silly mapToRegistry uri https://registry.npmjs.org/express
20 verbose addNameRange registry:https://registry.npmjs.org/express not in flight; fetching
21 silly cache add args [ 'jade@~1.9.2', null ]
22 verbose cache add spec jade@~1.9.2
23 silly cache add parsed spec { raw: 'jade@~1.9.2',
23 silly cache add   scope: null,
23 silly cache add   name: 'jade',
23 silly cache add   rawSpec: '~1.9.2',
23 silly cache add   spec: '>=1.9.2 <1.10.0',
23 silly cache add   type: 'range' }
24 silly addNamed jade@>=1.9.2 <1.10.0
25 verbose addNamed ">=1.9.2 <1.10.0" is a valid semver range for jade
26 silly addNameRange { name: 'jade', range: '>=1.9.2 <1.10.0', hasData: false }
27 silly mapToRegistry name jade
28 silly mapToRegistry using default registry
29 silly mapToRegistry registry https://registry.npmjs.org/
30 silly mapToRegistry uri https://registry.npmjs.org/jade
31 verbose addNameRange registry:https://registry.npmjs.org/jade not in flight; fetching
32 silly cache add args [ 'morgan@~1.5.3', null ]
33 verbose cache add spec morgan@~1.5.3
34 silly cache add parsed spec { raw: 'morgan@~1.5.3',
34 silly cache add   scope: null,
34 silly cache add   name: 'morgan',
34 silly cache add   rawSpec: '~1.5.3',
34 silly cache add   spec: '>=1.5.3 <1.6.0',
34 silly cache add   type: 'range' }
35 silly addNamed morgan@>=1.5.3 <1.6.0
36 verbose addNamed ">=1.5.3 <1.6.0" is a valid semver range for morgan
37 silly addNameRange { name: 'morgan', range: '>=1.5.3 <1.6.0', hasData: false }
38 silly mapToRegistry name morgan
39 silly mapToRegistry using default registry
40 silly mapToRegistry registry https://registry.npmjs.org/
41 silly mapToRegistry uri https://registry.npmjs.org/morgan
42 verbose addNameRange registry:https://registry.npmjs.org/morgan not in flight; fetching
43 silly cache add args [ 'serve-favicon@~2.2.1', null ]
44 verbose cache add spec serve-favicon@~2.2.1
45 silly cache add parsed spec { raw: 'serve-favicon@~2.2.1',
45 silly cache add   scope: null,
45 silly cache add   name: 'serve-favicon',
45 silly cache add   rawSpec: '~2.2.1',
45 silly cache add   spec: '>=2.2.1 <2.3.0',
45 silly cache add   type: 'range' }
46 silly addNamed serve-favicon@>=2.2.1 <2.3.0
47 verbose addNamed ">=2.2.1 <2.3.0" is a valid semver range for serve-favicon
48 silly addNameRange { name: 'serve-favicon',
48 silly addNameRange   range: '>=2.2.1 <2.3.0',
48 silly addNameRange   hasData: false }
49 silly mapToRegistry name serve-favicon
50 silly mapToRegistry using default registry
51 silly mapToRegistry registry https://registry.npmjs.org/
52 silly mapToRegistry uri https://registry.npmjs.org/serve-favicon
53 verbose addNameRange registry:https://registry.npmjs.org/serve-favicon not in flight; fetching
54 silly cache add args [ 'body-parser@~1.12.4', null ]
55 verbose cache add spec body-parser@~1.12.4
56 silly cache add parsed spec { raw: 'body-parser@~1.12.4',
56 silly cache add   scope: null,
56 silly cache add   name: 'body-parser',
56 silly cache add   rawSpec: '~1.12.4',
56 silly cache add   spec: '>=1.12.4 <1.13.0',
56 silly cache add   type: 'range' }
57 silly addNamed body-parser@>=1.12.4 <1.13.0
58 verbose addNamed ">=1.12.4 <1.13.0" is a valid semver range for body-parser
59 silly addNameRange { name: 'body-parser',
59 silly addNameRange   range: '>=1.12.4 <1.13.0',
59 silly addNameRange   hasData: false }
60 silly mapToRegistry name body-parser
61 silly mapToRegistry using default registry
62 silly mapToRegistry registry https://registry.npmjs.org/
63 silly mapToRegistry uri https://registry.npmjs.org/body-parser
64 verbose addNameRange registry:https://registry.npmjs.org/body-parser not in flight; fetching
65 silly cache add args [ 'cookie-parser@~1.3.5', null ]
66 verbose cache add spec cookie-parser@~1.3.5
67 silly cache add parsed spec { raw: 'cookie-parser@~1.3.5',
67 silly cache add   scope: null,
67 silly cache add   name: 'cookie-parser',
67 silly cache add   rawSpec: '~1.3.5',
67 silly cache add   spec: '>=1.3.5 <1.4.0',
67 silly cache add   type: 'range' }
68 silly addNamed cookie-parser@>=1.3.5 <1.4.0
69 verbose addNamed ">=1.3.5 <1.4.0" is a valid semver range for cookie-parser
70 silly addNameRange { name: 'cookie-parser',
70 silly addNameRange   range: '>=1.3.5 <1.4.0',
70 silly addNameRange   hasData: false }
71 silly mapToRegistry name cookie-parser
72 silly mapToRegistry using default registry
73 silly mapToRegistry registry https://registry.npmjs.org/
74 silly mapToRegistry uri https://registry.npmjs.org/cookie-parser
75 verbose addNameRange registry:https://registry.npmjs.org/cookie-parser not in flight; fetching
76 silly cache add args [ 'debug@~2.2.0', null ]
77 verbose cache add spec debug@~2.2.0
78 silly cache add parsed spec { raw: 'debug@~2.2.0',
78 silly cache add   scope: null,
78 silly cache add   name: 'debug',
78 silly cache add   rawSpec: '~2.2.0',
78 silly cache add   spec: '>=2.2.0 <2.3.0',
78 silly cache add   type: 'range' }
79 silly addNamed debug@>=2.2.0 <2.3.0
80 verbose addNamed ">=2.2.0 <2.3.0" is a valid semver range for debug
81 silly addNameRange { name: 'debug', range: '>=2.2.0 <2.3.0', hasData: false }
82 silly mapToRegistry name debug
83 silly mapToRegistry using default registry
84 silly mapToRegistry registry https://registry.npmjs.org/
85 silly mapToRegistry uri https://registry.npmjs.org/debug
86 verbose addNameRange registry:https://registry.npmjs.org/debug not in flight; fetching
87 verbose request uri https://registry.npmjs.org/morgan
88 verbose request no auth needed
89 info attempt registry request try #1 at 11:32:32
90 verbose request using bearer token for auth
91 verbose request id c7fa73266fcdbe87
92 verbose etag "6R4AM9CH75Y05X4FGMM2F9M5W"
93 http request GET https://registry.npmjs.org/morgan
94 verbose request uri https://registry.npmjs.org/serve-favicon
95 verbose request no auth needed
96 info attempt registry request try #1 at 11:32:32
97 verbose request using bearer token for auth
98 verbose etag "F1HI49NKL9D5WZCMUGDCBJ1RF"
99 http request GET https://registry.npmjs.org/serve-favicon
100 verbose request uri https://registry.npmjs.org/jade
101 verbose request no auth needed
102 info attempt registry request try #1 at 11:32:32
103 verbose request using bearer token for auth
104 verbose etag "7PRUF5BE4EL9XFUUGJWPJ57IP"
105 http request GET https://registry.npmjs.org/jade
106 verbose request uri https://registry.npmjs.org/body-parser
107 verbose request no auth needed
108 info attempt registry request try #1 at 11:32:32
109 verbose request using bearer token for auth
110 verbose etag "EBOOZDDNZTCWK91ILEUB9F0J7"
111 http request GET https://registry.npmjs.org/body-parser
112 verbose request uri https://registry.npmjs.org/cookie-parser
113 verbose request no auth needed
114 info attempt registry request try #1 at 11:32:32
115 verbose request using bearer token for auth
116 verbose etag "6243RAMUTNKYO7OEXBUWWPWW4"
117 http request GET https://registry.npmjs.org/cookie-parser
118 verbose request uri https://registry.npmjs.org/express
119 verbose request no auth needed
120 info attempt registry request try #1 at 11:32:32
121 verbose request using bearer token for auth
122 verbose etag "DPK2J1S43CKOUKQ4Q45NFO7LH"
123 http request GET https://registry.npmjs.org/express
124 verbose request uri https://registry.npmjs.org/debug
125 verbose request no auth needed
126 info attempt registry request try #1 at 11:32:32
127 verbose request using bearer token for auth
128 verbose etag "42ML942EER77NLFC939WU4I2I"
129 http request GET https://registry.npmjs.org/debug
130 http 200 https://registry.npmjs.org/body-parser
131 silly get cb [ 200,
131 silly get   { server: 'CouchDB/1.6.1 (Erlang OTP/R16B03)',
131 silly get     etag: '"BT98V3F8W39R4TOYQERJPEV4D"',
131 silly get     'content-type': 'application/json',
131 silly get     'content-encoding': 'gzip',
131 silly get     'cache-control': 'max-age=300',
131 silly get     'transfer-encoding': 'chunked',
131 silly get     'accept-ranges': 'bytes',
131 silly get     date: 'Sun, 21 Aug 2016 16:32:33 GMT',
131 silly get     via: '1.1 varnish',
131 silly get     connection: 'keep-alive',
131 silly get     'x-served-by': 'cache-dfw1829-DFW',
131 silly get     'x-cache': 'MISS',
131 silly get     'x-cache-hits': '0',
131 silly get     'x-timer': 'S1471797153.252189,VS0,VE91',
131 silly get     vary: 'Accept-Encoding' } ]
132 verbose get saving body-parser to /home/alan/.npm/registry.npmjs.org/body-parser/.cache.json
133 silly addNameRange number 2 { name: 'body-parser', range: '>=1.12.4 <1.13.0', hasData: true }
134 silly addNameRange versions [ 'body-parser',
134 silly addNameRange   [ '1.0.0',
134 silly addNameRange     '1.0.1',
134 silly addNameRange     '1.0.2',
134 silly addNameRange     '1.1.0',
134 silly addNameRange     '1.1.1',
134 silly addNameRange     '1.1.2',
134 silly addNameRange     '1.2.0',
134 silly addNameRange     '1.2.1',
134 silly addNameRange     '1.2.2',
134 silly addNameRange     '1.3.0',
134 silly addNameRange     '1.3.1',
134 silly addNameRange     '1.4.0',
134 silly addNameRange     '1.4.1',
134 silly addNameRange     '1.4.2',
134 silly addNameRange     '1.4.3',
134 silly addNameRange     '1.5.0',
134 silly addNameRange     '1.5.1',
134 silly addNameRange     '1.5.2',
134 silly addNameRange     '1.6.0',
134 silly addNameRange     '1.6.1',
134 silly addNameRange     '1.6.2',
134 silly addNameRange     '1.6.3',
134 silly addNameRange     '1.6.4',
134 silly addNameRange     '1.6.5',
134 silly addNameRange     '1.6.6',
134 silly addNameRange     '1.6.7',
134 silly addNameRange     '1.7.0',
134 silly addNameRange     '1.8.0',
134 silly addNameRange     '1.8.1',
134 silly addNameRange     '1.8.2',
134 silly addNameRange     '1.8.3',
134 silly addNameRange     '1.8.4',
134 silly addNameRange     '1.9.0',
134 silly addNameRange     '1.9.1',
134 silly addNameRange     '1.9.2',
134 silly addNameRange     '1.9.3',
134 silly addNameRange     '1.10.0',
134 silly addNameRange     '1.10.1',
134 silly addNameRange     '1.10.2',
134 silly addNameRange     '1.11.0',
134 silly addNameRange     '1.12.0',
134 silly addNameRange     '1.12.1',
134 silly addNameRange     '1.12.2',
134 silly addNameRange     '1.12.3',
134 silly addNameRange     '1.12.4',
134 silly addNameRange     '1.13.0',
134 silly addNameRange     '1.13.1',
134 silly addNameRange     '1.13.2',
134 silly addNameRange     '1.13.3',
134 silly addNameRange     '1.14.0',
134 silly addNameRange     '1.14.1',
134 silly addNameRange     '1.14.2',
134 silly addNameRange     '1.15.0',
134 silly addNameRange     '1.15.1',
134 silly addNameRange     '1.15.2' ] ]
135 silly addNamed body-parser@1.12.4
136 verbose addNamed "1.12.4" is a plain semver version for body-parser
137 silly cache afterAdd body-parser@1.12.4
138 verbose afterAdd /home/alan/.npm/body-parser/1.12.4/package/package.json not in flight; writing
139 http 304 https://registry.npmjs.org/jade
140 silly get cb [ 304,
140 silly get   { 'cache-control': 'max-age=300',
140 silly get     'accept-ranges': 'bytes',
140 silly get     date: 'Sun, 21 Aug 2016 16:32:33 GMT',
140 silly get     via: '1.1 varnish',
140 silly get     connection: 'keep-alive',
140 silly get     'x-served-by': 'cache-dfw1830-DFW',
140 silly get     'x-cache': 'MISS',
140 silly get     'x-cache-hits': '0',
140 silly get     'x-timer': 'S1471797153.238928,VS0,VE183',
140 silly get     vary: 'Accept-Encoding' } ]
141 verbose etag https://registry.npmjs.org/jade from cache
142 verbose get saving jade to /home/alan/.npm/registry.npmjs.org/jade/.cache.json
143 http 200 https://registry.npmjs.org/cookie-parser
144 silly get cb [ 200,
144 silly get   { server: 'CouchDB/1.5.0 (Erlang OTP/R16B03)',
144 silly get     etag: '"I0AHDZK8765L6MZGXGT3V3DI"',
144 silly get     'content-type': 'application/json',
144 silly get     'content-encoding': 'gzip',
144 silly get     'cache-control': 'max-age=300',
144 silly get     'transfer-encoding': 'chunked',
144 silly get     'accept-ranges': 'bytes',
144 silly get     date: 'Sun, 21 Aug 2016 16:32:33 GMT',
144 silly get     via: '1.1 varnish',
144 silly get     connection: 'keep-alive',
144 silly get     'x-served-by': 'cache-dfw1848-DFW',
144 silly get     'x-cache': 'MISS',
144 silly get     'x-cache-hits': '0',
144 silly get     'x-timer': 'S1471797153.246482,VS0,VE195',
144 silly get     vary: 'Accept-Encoding' } ]
145 verbose get saving cookie-parser to /home/alan/.npm/registry.npmjs.org/cookie-parser/.cache.json
146 http 200 https://registry.npmjs.org/serve-favicon
147 silly get cb [ 200,
147 silly get   { server: 'CouchDB/1.5.0 (Erlang OTP/R16B03)',
147 silly get     etag: '"4MS6A7BJUJF6623ZW80V6EWSE"',
147 silly get     'content-type': 'application/json',
147 silly get     'content-encoding': 'gzip',
147 silly get     'cache-control': 'max-age=300',
147 silly get     'transfer-encoding': 'chunked',
147 silly get     'accept-ranges': 'bytes',
147 silly get     date: 'Sun, 21 Aug 2016 16:32:33 GMT',
147 silly get     via: '1.1 varnish',
147 silly get     connection: 'keep-alive',
147 silly get     'x-served-by': 'cache-dfw1821-DFW',
147 silly get     'x-cache': 'MISS',
147 silly get     'x-cache-hits': '0',
147 silly get     'x-timer': 'S1471797153.246600,VS0,VE255',
147 silly get     vary: 'Accept-Encoding' } ]
148 verbose get saving serve-favicon to /home/alan/.npm/registry.npmjs.org/serve-favicon/.cache.json
149 verbose afterAdd /home/alan/.npm/body-parser/1.12.4/package/package.json written
150 http 200 https://registry.npmjs.org/debug
151 silly get cb [ 200,
151 silly get   { server: 'CouchDB/1.6.1 (Erlang OTP/R16B03)',
151 silly get     etag: '"34ISHL47AJ12E2UQYTO78G25S"',
151 silly get     'content-type': 'application/json',
151 silly get     'content-encoding': 'gzip',
151 silly get     'cache-control': 'max-age=300',
151 silly get     'transfer-encoding': 'chunked',
151 silly get     'accept-ranges': 'bytes',
151 silly get     date: 'Sun, 21 Aug 2016 16:32:33 GMT',
151 silly get     via: '1.1 varnish',
151 silly get     connection: 'keep-alive',
151 silly get     'x-served-by': 'cache-dfw1839-DFW',
151 silly get     'x-cache': 'MISS',
151 silly get     'x-cache-hits': '0',
151 silly get     'x-timer': 'S1471797153.248889,VS0,VE271',
151 silly get     vary: 'Accept-Encoding' } ]
152 verbose get saving debug to /home/alan/.npm/registry.npmjs.org/debug/.cache.json
153 http 200 https://registry.npmjs.org/morgan
154 silly get cb [ 200,
154 silly get   { server: 'CouchDB/1.5.0 (Erlang OTP/R16B03)',
154 silly get     etag: '"706IQ9SLPKZ57Z1AOFAP7R1WV"',
154 silly get     'content-type': 'application/json',
154 silly get     'content-encoding': 'gzip',
154 silly get     'cache-control': 'max-age=300',
154 silly get     'transfer-encoding': 'chunked',
154 silly get     'accept-ranges': 'bytes',
154 silly get     date: 'Sun, 21 Aug 2016 16:32:33 GMT',
154 silly get     via: '1.1 varnish',
154 silly get     connection: 'keep-alive',
154 silly get     'x-served-by': 'cache-dfw1831-DFW',
154 silly get     'x-cache': 'MISS',
154 silly get     'x-cache-hits': '0',
154 silly get     'x-timer': 'S1471797153.239076,VS0,VE294',
154 silly get     vary: 'Accept-Encoding' } ]
155 verbose get saving morgan to /home/alan/.npm/registry.npmjs.org/morgan/.cache.json
156 silly addNameRange number 2 { name: 'jade', range: '>=1.9.2 <1.10.0', hasData: true }
157 silly addNameRange versions [ 'jade',
157 silly addNameRange   [ '0.0.1',
157 silly addNameRange     '0.0.2',
157 silly addNameRange     '0.1.0',
157 silly addNameRange     '0.2.0',
157 silly addNameRange     '0.2.1',
157 silly addNameRange     '0.2.2',
157 silly addNameRange     '0.2.3',
157 silly addNameRange     '0.2.4',
157 silly addNameRange     '0.3.0',
157 silly addNameRange     '0.4.0',
157 silly addNameRange     '0.4.1',
157 silly addNameRange     '0.5.0',
157 silly addNameRange     '0.5.1',
157 silly addNameRange     '0.5.2',
157 silly addNameRange     '0.5.3',
157 silly addNameRange     '0.5.4',
157 silly addNameRange     '0.5.5',
157 silly addNameRange     '0.5.6',
157 silly addNameRange     '0.5.7',
157 silly addNameRange     '0.6.0',
157 silly addNameRange     '0.6.1',
157 silly addNameRange     '0.6.3',
157 silly addNameRange     '0.7.0',
157 silly addNameRange     '0.7.1',
157 silly addNameRange     '0.8.0',
157 silly addNameRange     '0.8.1',
157 silly addNameRange     '0.8.2',
157 silly addNameRange     '0.8.3',
157 silly addNameRange     '0.8.4',
157 silly addNameRange     '0.8.5',
157 silly addNameRange     '0.8.6',
157 silly addNameRange     '0.8.7',
157 silly addNameRange     '0.8.8',
157 silly addNameRange     '0.8.9',
157 silly addNameRange     '0.9.0',
157 silly addNameRange     '0.9.1',
157 silly addNameRange     '0.9.2',
157 silly addNameRange     '0.9.3',
157 silly addNameRange     '0.10.0',
157 silly addNameRange     '0.10.1',
157 silly addNameRange     '0.10.2',
157 silly addNameRange     '0.10.3',
157 silly addNameRange     '0.10.4',
157 silly addNameRange     '0.10.5',
157 silly addNameRange     '0.10.6',
157 silly addNameRange     '0.10.7',
157 silly addNameRange     '0.11.0',
157 silly addNameRange     '0.11.1',
157 silly addNameRange     '0.12.0',
157 silly addNameRange     '0.12.1',
157 silly addNameRange     '0.12.2',
157 silly addNameRange     '0.12.3',
157 silly addNameRange     '0.12.4',
157 silly addNameRange     '0.13.0',
157 silly addNameRange     '0.14.0',
157 silly addNameRange     '0.14.1',
157 silly addNameRange     '0.14.2',
157 silly addNameRange     '0.15.0',
157 silly addNameRange     '0.15.1',
157 silly addNameRange     '0.15.2',
157 silly addNameRange     '0.15.3',
157 silly addNameRange     '0.15.4',
157 silly addNameRange     '0.16.0',
157 silly addNameRange     '0.16.1',
157 silly addNameRange     '0.16.2',
157 silly addNameRange     '0.16.3',
157 silly addNameRange     '0.16.4',
157 silly addNameRange     '0.17.0',
157 silly addNameRange     '0.18.0',
157 silly addNameRange     '0.19.0',
157 silly addNameRange     '0.20.0',
157 silly addNameRange     '0.20.1',
157 silly addNameRange     '0.20.2',
157 silly addNameRange     '0.20.3',
157 silly addNameRange     '0.21.0',
157 silly addNameRange     '0.22.0',
157 silly addNameRange     '0.22.1',
157 silly addNameRange     '0.23.0',
157 silly addNameRange     '0.24.0',
157 silly addNameRange     '0.25.0',
157 silly addNameRange     '0.26.0',
157 silly addNameRange     '0.26.1',
157 silly addNameRange     '0.26.2',
157 silly addNameRange     '0.26.3',
157 silly addNameRange     '0.27.0',
157 silly addNameRange     '0.27.1',
157 silly addNameRange     '0.27.2',
157 silly addNameRange     '0.27.3',
157 silly addNameRange     '0.27.4',
157 silly addNameRange     '0.27.5',
157 silly addNameRange     '0.27.6',
157 silly addNameRange     '0.27.7',
157 silly addNameRange     '0.28.0',
157 silly addNameRange     '0.28.1',
157 silly addNameRange     '0.28.2',
157 silly addNameRange     '0.29.0',
157 silly addNameRange     '0.30.0',
157 silly addNameRange     '0.31.0',
157 silly addNameRange     '0.31.1',
157 silly addNameRange     '0.31.2',
157 silly addNameRange     '0.32.0',
157 silly addNameRange     '0.33.0',
157 silly addNameRange     '0.34.0',
157 silly addNameRange     '0.34.1',
157 silly addNameRange     '0.35.0',
157 silly addNameRange     '1.0.0',
157 silly addNameRange     '1.0.1',
157 silly addNameRange     '1.0.2',
157 silly addNameRange     '1.1.0',
157 silly addNameRange     '1.1.1',
157 silly addNameRange     '1.1.2',
157 silly addNameRange     '1.1.3',
157 silly addNameRange     '1.1.4',
157 silly addNameRange     '1.1.5',
157 silly addNameRange     '1.2.0',
157 silly addNameRange     '1.3.0',
157 silly addNameRange     '1.3.1',
157 silly addNameRange     '1.4.0',
157 silly addNameRange     '1.4.1',
157 silly addNameRange     '1.4.2',
157 silly addNameRange     '1.5.0',
157 silly addNameRange     '1.6.0',
157 silly addNameRange     '1.7.0',
157 silly addNameRange     '1.8.0',
157 silly addNameRange     '1.8.1',
157 silly addNameRange     '1.8.2',
157 silly addNameRange     '1.9.0',
157 silly addNameRange     '1.9.1',
157 silly addNameRange     '1.9.2',
157 silly addNameRange     '1.10.0',
157 silly addNameRange     '1.11.0' ] ]
158 silly addNamed jade@1.9.2
159 verbose addNamed "1.9.2" is a plain semver version for jade
160 warn deprecated jade@1.9.2: Jade has been renamed to pug, please install the latest version of pug instead of jade
161 silly addNameRange number 2 { name: 'cookie-parser', range: '>=1.3.5 <1.4.0', hasData: true }
162 silly addNameRange versions [ 'cookie-parser',
162 silly addNameRange   [ '1.0.0',
162 silly addNameRange     '1.0.1',
162 silly addNameRange     '1.1.0',
162 silly addNameRange     '1.2.0',
162 silly addNameRange     '1.3.0',
162 silly addNameRange     '1.3.1',
162 silly addNameRange     '1.3.2',
162 silly addNameRange     '1.3.3',
162 silly addNameRange     '1.3.4',
162 silly addNameRange     '1.3.5',
162 silly addNameRange     '1.4.0',
162 silly addNameRange     '1.4.1',
162 silly addNameRange     '1.4.2',
162 silly addNameRange     '1.4.3' ] ]
163 silly addNamed cookie-parser@1.3.5
164 verbose addNamed "1.3.5" is a plain semver version for cookie-parser
165 silly addNameRange number 2 { name: 'serve-favicon', range: '>=2.2.1 <2.3.0', hasData: true }
166 silly addNameRange versions [ 'serve-favicon',
166 silly addNameRange   [ '2.0.0',
166 silly addNameRange     '2.0.1',
166 silly addNameRange     '2.1.0',
166 silly addNameRange     '2.1.1',
166 silly addNameRange     '2.1.2',
166 silly addNameRange     '2.1.3',
166 silly addNameRange     '2.1.4',
166 silly addNameRange     '2.1.5',
166 silly addNameRange     '2.1.6',
166 silly addNameRange     '2.1.7',
166 silly addNameRange     '2.2.0',
166 silly addNameRange     '2.2.1',
166 silly addNameRange     '2.3.0' ] ]
167 silly addNamed serve-favicon@2.2.1
168 verbose addNamed "2.2.1" is a plain semver version for serve-favicon
169 silly addNameRange number 2 { name: 'debug', range: '>=2.2.0 <2.3.0', hasData: true }
170 silly addNameRange versions [ 'debug',
170 silly addNameRange   [ '0.0.1',
170 silly addNameRange     '0.1.0',
170 silly addNameRange     '0.2.0',
170 silly addNameRange     '0.3.0',
170 silly addNameRange     '0.4.0',
170 silly addNameRange     '0.4.1',
170 silly addNameRange     '0.5.0',
170 silly addNameRange     '0.6.0',
170 silly addNameRange     '0.7.0',
170 silly addNameRange     '0.7.1',
170 silly addNameRange     '0.7.2',
170 silly addNameRange     '0.7.3',
170 silly addNameRange     '0.7.4',
170 silly addNameRange     '0.8.0',
170 silly addNameRange     '0.8.1',
170 silly addNameRange     '1.0.0',
170 silly addNameRange     '1.0.1',
170 silly addNameRange     '1.0.2',
170 silly addNameRange     '1.0.3',
170 silly addNameRange     '1.0.4',
170 silly addNameRange     '2.0.0',
170 silly addNameRange     '2.1.0',
170 silly addNameRange     '2.1.1',
170 silly addNameRange     '2.1.2',
170 silly addNameRange     '2.1.3',
170 silly addNameRange     '2.2.0' ] ]
171 silly addNamed debug@2.2.0
172 verbose addNamed "2.2.0" is a plain semver version for debug
173 silly addNameRange number 2 { name: 'morgan', range: '>=1.5.3 <1.6.0', hasData: true }
174 silly addNameRange versions [ 'morgan',
174 silly addNameRange   [ '1.0.0',
174 silly addNameRange     '1.0.1',
174 silly addNameRange     '1.1.0',
174 silly addNameRange     '1.1.1',
174 silly addNameRange     '1.2.0',
174 silly addNameRange     '1.2.1',
174 silly addNameRange     '1.2.2',
174 silly addNameRange     '1.2.3',
174 silly addNameRange     '1.3.0',
174 silly addNameRange     '1.3.1',
174 silly addNameRange     '1.3.2',
174 silly addNameRange     '1.4.0',
174 silly addNameRange     '1.4.1',
174 silly addNameRange     '1.5.0',
174 silly addNameRange     '1.5.1',
174 silly addNameRange     '1.5.2',
174 silly addNameRange     '1.5.3',
174 silly addNameRange     '1.6.0',
174 silly addNameRange     '1.6.1',
174 silly addNameRange     '1.7.0' ] ]
175 silly addNamed morgan@1.5.3
176 verbose addNamed "1.5.3" is a plain semver version for morgan
177 silly cache afterAdd jade@1.9.2
178 verbose afterAdd /home/alan/.npm/jade/1.9.2/package/package.json not in flight; writing
179 silly cache afterAdd cookie-parser@1.3.5
180 verbose afterAdd /home/alan/.npm/cookie-parser/1.3.5/package/package.json not in flight; writing
181 silly cache afterAdd serve-favicon@2.2.1
182 verbose afterAdd /home/alan/.npm/serve-favicon/2.2.1/package/package.json not in flight; writing
183 silly cache afterAdd debug@2.2.0
184 verbose afterAdd /home/alan/.npm/debug/2.2.0/package/package.json not in flight; writing
185 silly cache afterAdd morgan@1.5.3
186 verbose afterAdd /home/alan/.npm/morgan/1.5.3/package/package.json not in flight; writing
187 verbose afterAdd /home/alan/.npm/jade/1.9.2/package/package.json written
188 verbose afterAdd /home/alan/.npm/cookie-parser/1.3.5/package/package.json written
189 verbose afterAdd /home/alan/.npm/serve-favicon/2.2.1/package/package.json written
190 verbose afterAdd /home/alan/.npm/debug/2.2.0/package/package.json written
191 verbose afterAdd /home/alan/.npm/morgan/1.5.3/package/package.json written
192 http 200 https://registry.npmjs.org/express
193 silly get cb [ 200,
193 silly get   { server: 'CouchDB/1.5.0 (Erlang OTP/R16B03)',
193 silly get     etag: '"EJXM6L3DK54REZ3DGIIVZMN78"',
193 silly get     'content-type': 'application/json',
193 silly get     'content-encoding': 'gzip',
193 silly get     'cache-control': 'max-age=300',
193 silly get     'transfer-encoding': 'chunked',
193 silly get     'accept-ranges': 'bytes',
193 silly get     date: 'Sun, 21 Aug 2016 16:32:33 GMT',
193 silly get     via: '1.1 varnish',
193 silly get     connection: 'keep-alive',
193 silly get     'x-served-by': 'cache-dfw1847-DFW',
193 silly get     'x-cache': 'MISS',
193 silly get     'x-cache-hits': '0',
193 silly get     'x-timer': 'S1471797153.246558,VS0,VE418',
193 silly get     vary: 'Accept-Encoding' } ]
194 verbose get saving express to /home/alan/.npm/registry.npmjs.org/express/.cache.json
195 silly addNameRange number 2 { name: 'express', range: '>=4.12.4 <4.13.0', hasData: true }
196 silly addNameRange versions [ 'express',
196 silly addNameRange   [ '0.14.0',
196 silly addNameRange     '0.14.1',
196 silly addNameRange     '1.0.0',
196 silly addNameRange     '1.0.1',
196 silly addNameRange     '1.0.2',
196 silly addNameRange     '1.0.3',
196 silly addNameRange     '1.0.4',
196 silly addNameRange     '1.0.5',
196 silly addNameRange     '1.0.6',
196 silly addNameRange     '1.0.7',
196 silly addNameRange     '1.0.8',
196 silly addNameRange     '2.0.0',
196 silly addNameRange     '2.1.0',
196 silly addNameRange     '2.1.1',
196 silly addNameRange     '2.2.0',
196 silly addNameRange     '2.2.1',
196 silly addNameRange     '2.2.2',
196 silly addNameRange     '2.3.0',
196 silly addNameRange     '2.3.1',
196 silly addNameRange     '2.3.2',
196 silly addNameRange     '2.3.3',
196 silly addNameRange     '2.3.4',
196 silly addNameRange     '2.3.5',
196 silly addNameRange     '2.3.6',
196 silly addNameRange     '2.3.7',
196 silly addNameRange     '2.3.8',
196 silly addNameRange     '2.3.9',
196 silly addNameRange     '2.3.10',
196 silly addNameRange     '2.3.11',
196 silly addNameRange     '2.3.12',
196 silly addNameRange     '2.4.0',
196 silly addNameRange     '2.4.1',
196 silly addNameRange     '2.4.2',
196 silly addNameRange     '2.4.3',
196 silly addNameRange     '2.4.4',
196 silly addNameRange     '2.4.5',
196 silly addNameRange     '2.4.6',
196 silly addNameRange     '2.4.7',
196 silly addNameRange     '2.5.0',
196 silly addNameRange     '2.5.1',
196 silly addNameRange     '2.5.2',
196 silly addNameRange     '2.5.3',
196 silly addNameRange     '2.5.4',
196 silly addNameRange     '2.5.5',
196 silly addNameRange     '2.5.6',
196 silly addNameRange     '2.5.7',
196 silly addNameRange     '2.5.8',
196 silly addNameRange     '2.5.9',
196 silly addNameRange     '2.5.10',
196 silly addNameRange     '2.5.11',
196 silly addNameRange     '3.0.0',
196 silly addNameRange     '3.0.1',
196 silly addNameRange     '3.0.2',
196 silly addNameRange     '3.0.3',
196 silly addNameRange     '3.0.4',
196 silly addNameRange     '3.0.5',
196 silly addNameRange     '3.0.6',
196 silly addNameRange     '3.1.0',
196 silly addNameRange     '3.1.1',
196 silly addNameRange     '3.1.2',
196 silly addNameRange     '3.2.0',
196 silly addNameRange     '3.2.1',
196 silly addNameRange     '3.2.2',
196 silly addNameRange     '3.2.3',
196 silly addNameRange     '3.2.4',
196 silly addNameRange     '3.2.5',
196 silly addNameRange     '3.2.6',
196 silly addNameRange     '3.3.0',
196 silly addNameRange     '3.3.1',
196 silly addNameRange     '3.3.2',
196 silly addNameRange     '3.3.3',
196 silly addNameRange     '3.3.4',
196 silly addNameRange     '3.3.5',
196 silly addNameRange     '3.3.6',
196 silly addNameRange     '1.0.0-beta',
196 silly addNameRange     '1.0.0-beta2',
196 silly addNameRange     '1.0.0-rc',
196 silly addNameRange     '1.0.0-rc2',
196 silly addNameRange     '1.0.0-rc3',
196 silly addNameRange     '1.0.0-rc4',
196 silly addNameRange     '2.0.0-beta',
196 silly addNameRange     '2.0.0-beta2',
196 silly addNameRange     '2.0.0-beta3',
196 silly addNameRange     '2.0.0-rc',
196 silly addNameRange     '2.0.0-rc2',
196 silly addNameRange     '2.0.0-rc3',
196 silly addNameRange     '3.0.0-alpha1',
196 silly addNameRange     '3.0.0-alpha2',
196 silly addNameRange     '3.0.0-alpha3',
196 silly addNameRange     '3.0.0-alpha4',
196 silly addNameRange     '3.0.0-alpha5',
196 silly addNameRange     '3.0.0-beta1',
196 silly addNameRange     '3.0.0-beta2',
196 silly addNameRange     '3.0.0-beta3',
196 silly addNameRange     '3.0.0-beta4',
196 silly addNameRange     '3.0.0-beta6',
196 silly addNameRange     '3.0.0-beta7',
196 silly addNameRange     '3.0.0-rc1',
196 silly addNameRange     '3.0.0-rc2',
196 silly addNameRange     '3.0.0-rc3',
196 silly addNameRange     '3.0.0-rc4',
196 silly addNameRange     '3.0.0-rc5',
196 silly addNameRange     '3.3.7',
196 silly addNameRange     '3.3.8',
196 silly addNameRange     '3.4.0',
196 silly addNameRange     '3.4.1',
196 silly addNameRange     '3.4.2',
196 silly addNameRange     '3.4.3',
196 silly addNameRange     '3.4.4',
196 silly addNameRange     '3.4.5',
196 silly addNameRange     '3.4.6',
196 silly addNameRange     '3.4.7',
196 silly addNameRange     '3.4.8',
196 silly addNameRange     '4.0.0-rc1',
196 silly addNameRange     '4.0.0-rc2',
196 silly addNameRange     '3.5.0',
196 silly addNameRange     '4.0.0-rc3',
196 silly addNameRange     '4.0.0-rc4',
196 silly addNameRange     '3.5.1',
196 silly addNameRange     '4.0.0',
196 silly addNameRange     '3.5.2',
196 silly addNameRange     '4.1.0',
196 silly addNameRange     '4.1.1',
196 silly addNameRange     '3.5.3',
196 silly addNameRange     '4.1.2',
196 silly addNameRange     '3.6.0',
196 silly addNameRange     '4.2.0',
196 silly addNameRange     '3.7.0',
196 silly addNameRange     '3.8.0',
196 silly addNameRange     '4.3.0',
196 silly addNameRange     '4.3.1',
196 silly addNameRange     '3.8.1',
196 silly addNameRange     '4.3.2',
196 silly addNameRange     '3.9.0',
196 silly addNameRange     '4.4.0',
196 silly addNameRange     '4.4.1',
196 silly addNameRange     '3.10.0',
196 silly addNameRange     '3.10.1',
196 silly addNameRange     '3.10.2',
196 silly addNameRange     '3.10.3',
196 silly addNameRange     '3.10.4',
196 silly addNameRange     '4.4.2',
196 silly addNameRange     '3.10.5',
196 silly addNameRange     '4.4.3',
196 silly addNameRange     '3.11.0',
196 silly addNameRange     '4.4.4',
196 silly addNameRange     '3.12.0',
196 silly addNameRange     '3.12.1',
196 silly addNameRange     '4.4.5',
196 silly addNameRange     '3.13.0',
196 silly addNameRange     '4.5.0',
196 silly addNameRange     '4.5.1',
196 silly addNameRange     '3.14.0',
196 silly addNameRange     '4.6.0',
196 silly addNameRange     '4.6.1',
196 silly addNameRange     '3.15.0',
196 silly addNameRange     '4.7.0',
196 silly addNameRange     '3.15.1',
196 silly addNameRange     '4.7.1',
196 silly addNameRange     '3.15.2',
196 silly addNameRange     '4.7.2',
196 silly addNameRange     '4.7.3',
196 silly addNameRange     '3.15.3',
196 silly addNameRange     '4.7.4',
196 silly addNameRange     '3.16.0',
196 silly addNameRange     '4.8.0',
196 silly addNameRange     '3.16.1',
196 silly addNameRange     '4.8.1',
196 silly addNameRange     '3.16.2',
196 silly addNameRange     '4.8.2',
196 silly addNameRange     '3.16.3',
196 silly addNameRange     '3.16.4',
196 silly addNameRange     '4.8.3',
196 silly addNameRange     '3.16.5',
196 silly addNameRange     '3.16.6',
196 silly addNameRange     '4.8.4',
196 silly addNameRange     '3.16.7',
196 silly addNameRange     '4.8.5',
196 silly addNameRange     '3.16.8',
196 silly addNameRange     '4.8.6',
196 silly addNameRange     '3.16.9',
196 silly addNameRange     '4.8.7',
196 silly addNameRange     '3.16.10',
196 silly addNameRange     '4.8.8',
196 silly addNameRange     '3.17.0',
196 silly addNameRange     '3.17.1',
196 silly addNameRange     '4.9.0',
196 silly addNameRange     '3.17.2',
196 silly addNameRange     '4.9.1',
196 silly addNameRange     '4.9.2',
196 silly addNameRange     '3.17.3',
196 silly addNameRange     '4.9.3',
196 silly addNameRange     '3.17.4',
196 silly addNameRange     '4.9.4',
196 silly addNameRange     '3.17.5',
196 silly addNameRange     '4.9.5',
196 silly addNameRange     '3.17.6',
196 silly addNameRange     '3.17.7',
196 silly addNameRange     '4.9.6',
196 silly addNameRange     '4.9.7',
196 silly addNameRange     '3.17.8',
196 silly addNameRange     '4.9.8',
196 silly addNameRange     '3.18.0',
196 silly addNameRange     '3.18.1',
196 silly addNameRange     '4.10.0',
196 silly addNameRange     '3.18.2',
196 silly addNameRange     '4.10.1',
196 silly addNameRange     '5.0.0-alpha.1',
196 silly addNameRange     '3.18.3',
196 silly addNameRange     '4.10.2',
196 silly addNameRange     '3.18.4',
196 silly addNameRange     '4.10.3',
196 silly addNameRange     '4.10.4',
196 silly addNameRange     '4.10.5',
196 silly addNameRange     '3.18.5',
196 silly addNameRange     '3.18.6',
196 silly addNameRange     '4.10.6',
196 silly addNameRange     '4.10.7',
196 silly addNameRange     '3.19.0',
196 silly addNameRange     '4.10.8',
196 silly addNameRange     '4.11.0',
196 silly addNameRange     '3.19.1',
196 silly addNameRange     '4.11.1',
196 silly addNameRange     '3.19.2',
196 silly addNameRange     '4.11.2',
196 silly addNameRange     '3.20.0',
196 silly addNameRange     '4.12.0',
196 silly addNameRange     '3.20.1',
196 silly addNameRange     '4.12.1',
196 silly addNameRange     '4.12.2',
196 silly addNameRange     '3.20.2',
196 silly addNameRange     '4.12.3',
196 silly addNameRange     '3.20.3',
196 silly addNameRange     '4.12.4',
196 silly addNameRange     '3.21.0',
196 silly addNameRange     '4.13.0',
196 silly addNameRange     '3.21.1',
196 silly addNameRange     '4.13.1',
196 silly addNameRange     '5.0.0-alpha.2',
196 silly addNameRange     '3.21.2',
196 silly addNameRange     '4.13.2',
196 silly addNameRange     '4.13.3',
196 silly addNameRange     '4.13.4',
196 silly addNameRange     '4.14.0' ] ]
197 silly addNamed express@4.12.4
198 verbose addNamed "4.12.4" is a plain semver version for express
199 silly cache afterAdd express@4.12.4
200 verbose afterAdd /home/alan/.npm/express/4.12.4/package/package.json not in flight; writing
201 verbose afterAdd /home/alan/.npm/express/4.12.4/package/package.json written
202 silly install resolved [ { name: 'body-parser',
202 silly install resolved     description: 'Node.js body parsing middleware',
202 silly install resolved     version: '1.12.4',
202 silly install resolved     contributors: [ [Object], [Object] ],
202 silly install resolved     license: 'MIT',
202 silly install resolved     repository:
202 silly install resolved      { type: 'git',
202 silly install resolved        url: 'git+https://github.com/expressjs/body-parser.git' },
202 silly install resolved     dependencies:
202 silly install resolved      { bytes: '1.0.0',
202 silly install resolved        'content-type': '~1.0.1',
202 silly install resolved        debug: '~2.2.0',
202 silly install resolved        depd: '~1.0.1',
202 silly install resolved        'iconv-lite': '0.4.8',
202 silly install resolved        'on-finished': '~2.2.1',
202 silly install resolved        qs: '2.4.2',
202 silly install resolved        'raw-body': '~2.0.1',
202 silly install resolved        'type-is': '~1.6.2' },
202 silly install resolved     devDependencies:
202 silly install resolved      { istanbul: '0.3.9',
202 silly install resolved        methods: '~1.1.1',
202 silly install resolved        mocha: '~2.2.4',
202 silly install resolved        supertest: '~0.15.0' },
202 silly install resolved     files: [ 'lib/', 'LICENSE', 'HISTORY.md', 'index.js' ],
202 silly install resolved     engines: { node: '>= 0.8' },
202 silly install resolved     scripts:
202 silly install resolved      { test: 'mocha --require test/support/env --reporter spec --check-leaks --bail test/',
202 silly install resolved        'test-cov': 'istanbul cover node_modules/mocha/bin/_mocha -- --require test/support/env --reporter dot --check-leaks test/',
202 silly install resolved        'test-travis': 'istanbul cover node_modules/mocha/bin/_mocha --report lcovonly -- --require test/support/env --reporter spec --check-leaks test/' },
202 silly install resolved     gitHead: 'faba6ae19686d82133e188707b9b77649f45d3b0',
202 silly install resolved     bugs: { url: 'https://github.com/expressjs/body-parser/issues' },
202 silly install resolved     homepage: 'https://github.com/expressjs/body-parser',
202 silly install resolved     _id: 'body-parser@1.12.4',
202 silly install resolved     _shasum: '090700c4ba28862a8520ef378395fdee5f61c229',
202 silly install resolved     _from: 'body-parser@>=1.12.4 <1.13.0',
202 silly install resolved     _npmVersion: '1.4.28',
202 silly install resolved     _npmUser: { name: 'dougwilson', email: 'doug@somethingdoug.com' },
202 silly install resolved     maintainers: [ [Object], [Object], [Object], [Object], [Object], [Object] ],
202 silly install resolved     dist:
202 silly install resolved      { shasum: '090700c4ba28862a8520ef378395fdee5f61c229',
202 silly install resolved        tarball: 'http://registry.npmjs.org/body-parser/-/body-parser-1.12.4.tgz' },
202 silly install resolved     directories: {},
202 silly install resolved     _resolved: 'https://registry.npmjs.org/body-parser/-/body-parser-1.12.4.tgz',
202 silly install resolved     readme: 'ERROR: No README data found!' },
202 silly install resolved   { name: 'jade',
202 silly install resolved     description: 'A clean, whitespace-sensitive template language for writing HTML',
202 silly install resolved     version: '1.9.2',
202 silly install resolved     author: { name: 'TJ Holowaychuk', email: 'tj@vision-media.ca' },
202 silly install resolved     maintainers: [ [Object], [Object], [Object] ],
202 silly install resolved     license: 'MIT',
202 silly install resolved     repository: { type: 'git', url: 'git://github.com/jadejs/jade.git' },
202 silly install resolved     main: 'lib',
202 silly install resolved     bin: { jade: './bin/jade.js' },
202 silly install resolved     dependencies:
202 silly install resolved      { 'character-parser': '1.2.1',
202 silly install resolved        commander: '~2.6.0',
202 silly install resolved        constantinople: '~3.0.1',
202 silly install resolved        mkdirp: '~0.5.0',
202 silly install resolved        transformers: '2.1.0',
202 silly install resolved        'void-elements': '~2.0.1',
202 silly install resolved        with: '~4.0.0' },
202 silly install resolved     devDependencies:
202 silly install resolved      { 'coffee-script': '*',
202 silly install resolved        coveralls: '^2.11.2',
202 silly install resolved        mocha: '*',
202 silly install resolved        istanbul: '*',
202 silly install resolved        markdown: '*',
202 silly install resolved        stylus: '*',
202 silly install resolved        should: '*',
202 silly install resolved        less: '<2.0.0',
202 silly install resolved        'uglify-js': '*',
202 silly install resolved        browserify: '*',
202 silly install resolved        linify: '*',
202 silly install resolved        'less-file': '0.0.9',
202 silly install resolved        express: '~4.10.4',
202 silly install resolved        'browserify-middleware': '~4.1.0',
202 silly install resolved        twbs: '0.0.6',
202 silly install resolved        'highlight-codemirror': '~4.1.0',
202 silly install resolved        inconsolata: '0.0.2',
202 silly install resolved        'jade-code-mirror': '~1.0.5',
202 silly install resolved        'code-mirror': '~3.22.0',
202 silly install resolved        handle: '~1.0.0',
202 silly install resolved        'jade-highlighter': '~1.0.5',
202 silly install resolved        marked: '~0.3.2',
202 silly install resolved        stop: '^3.0.0-rc1',
202 silly install resolved        opener: '^1.3.0',
202 silly install resolved        'github-basic': '^4.1.2',
202 silly install resolved        'pull-request': '^3.0.0',
202 silly install resolved        lsr: '^1.0.0',
202 silly install resolved        rimraf: '^2.2.8' },
202 silly install resolved     component: { scripts: [Object] },
202 silly install resolved     scripts:
202 silly install resolved      { test: 'mocha -R spec',
202 silly install resolved        precoverage: 'rimraf coverage && rimraf cov-pt*',
202 silly install resolved        coverage: 'istanbul cover --report none --dir cov-pt0 node_modules/mocha/bin/_mocha -- -R dot',
202 silly install resolved        postcoverage: 'istanbul report --include cov-pt\\*/coverage.json && rimraf cov-pt*',
202 silly install resolved        coveralls: 'npm run coverage && cat ./coverage/lcov.info | coveralls',
202 silly install resolved        prepublish: 'npm prune && linify transform bin && npm run build',
202 silly install resolved        build: 'npm run compile',
202 silly install resolved        compile: 'npm run compile-full && npm run compile-runtime',
202 silly install resolved        'compile-full': 'browserify ./lib/index.js --standalone jade -x ./node_modules/transformers > jade.js',
202 silly install resolved        'compile-runtime': 'browserify ./lib/runtime.js --standalone jade > runtime.js' },
202 silly install resolved     browser: { fs: false, './lib/filters.js': './lib/filters-client.js' },
202 silly install resolved     homepage: 'http://jade-lang.com',
202 silly install resolved     gitHead: '6cc6acfd07a1905ff2e6782a2e06c90e91796ad4',
202 silly install resolved     bugs: { url: 'https://github.com/jadejs/jade/issues' },
202 silly install resolved     _id: 'jade@1.9.2',
202 silly install resolved     _shasum: '0b89f9c60d4ead2738e826ba7b2ccac9a5702abe',
202 silly install resolved     _from: 'jade@>=1.9.2 <1.10.0',
202 silly install resolved     _npmVersion: '2.4.1',
202 silly install resolved     _nodeVersion: '1.1.0',
202 silly install resolved     _npmUser: { name: 'forbeslindesay', email: 'forbes@lindesay.co.uk' },
202 silly install resolved     dist:
202 silly install resolved      { shasum: '0b89f9c60d4ead2738e826ba7b2ccac9a5702abe',
202 silly install resolved        tarball: 'http://registry.npmjs.org/jade/-/jade-1.9.2.tgz' },
202 silly install resolved     directories: {},
202 silly install resolved     _resolved: 'https://registry.npmjs.org/jade/-/jade-1.9.2.tgz',
202 silly install resolved     readme: 'ERROR: No README data found!' },
202 silly install resolved   { name: 'cookie-parser',
202 silly install resolved     description: 'cookie parsing with signatures',
202 silly install resolved     version: '1.3.5',
202 silly install resolved     author:
202 silly install resolved      { name: 'TJ Holowaychuk',
202 silly install resolved        email: 'tj@vision-media.ca',
202 silly install resolved        url: 'http://tjholowaychuk.com' },
202 silly install resolved     license: 'MIT',
202 silly install resolved     repository:
202 silly install resolved      { type: 'git',
202 silly install resolved        url: 'git+https://github.com/expressjs/cookie-parser.git' },
202 silly install resolved     keywords: [ 'cookie', 'middleware' ],
202 silly install resolved     dependencies: { cookie: '0.1.3', 'cookie-signature': '1.0.6' },
202 silly install resolved     devDependencies: { istanbul: '0.3.9', mocha: '2.2.5', supertest: '1.0.1' },
202 silly install resolved     files: [ 'lib/', 'LICENSE', 'HISTORY.md', 'index.js' ],
202 silly install resolved     engines: { node: '>= 0.8.0' },
202 silly install resolved     scripts:
202 silly install resolved      { test: 'mocha --reporter spec --bail --check-leaks test/',
202 silly install resolved        'test-cov': 'istanbul cover node_modules/mocha/bin/_mocha -- --reporter dot --check-leaks test/',
202 silly install resolved        'test-travis': 'istanbul cover node_modules/mocha/bin/_mocha --report lcovonly -- --reporter spec --check-leaks test/' },
202 silly install resolved     gitHead: '8133968c429c3f48eb8e3ed54932c52743ac9034',
202 silly install resolved     bugs: { url: 'https://github.com/expressjs/cookie-parser/issues' },
202 silly install resolved     homepage: 'https://github.com/expressjs/cookie-parser',
202 silly install resolved     _id: 'cookie-parser@1.3.5',
202 silly install resolved     _shasum: '9d755570fb5d17890771227a02314d9be7cf8356',
202 silly install resolved     _from: 'cookie-parser@>=1.3.5 <1.4.0',
202 silly install resolved     _npmVersion: '1.4.28',
202 silly install resolved     _npmUser: { name: 'dougwilson', email: 'doug@somethingdoug.com' },
202 silly install resolved     maintainers: [ [Object], [Object] ],
202 silly install resolved     dist:
202 silly install resolved      { shasum: '9d755570fb5d17890771227a02314d9be7cf8356',
202 silly install resolved        tarball: 'http://registry.npmjs.org/cookie-parser/-/cookie-parser-1.3.5.tgz' },
202 silly install resolved     directories: {},
202 silly install resolved     _resolved: 'https://registry.npmjs.org/cookie-parser/-/cookie-parser-1.3.5.tgz',
202 silly install resolved     readme: 'ERROR: No README data found!' },
202 silly install resolved   { name: 'serve-favicon',
202 silly install resolved     description: 'favicon serving middleware with caching',
202 silly install resolved     version: '2.2.1',
202 silly install resolved     author:
202 silly install resolved      { name: 'Douglas Christopher Wilson',
202 silly install resolved        email: 'doug@somethingdoug.com' },
202 silly install resolved     license: 'MIT',
202 silly install resolved     keywords: [ 'express', 'favicon', 'middleware' ],
202 silly install resolved     repository:
202 silly install resolved      { type: 'git',
202 silly install resolved        url: 'git+https://github.com/expressjs/serve-favicon.git' },
202 silly install resolved     dependencies:
202 silly install resolved      { etag: '~1.6.0',
202 silly install resolved        fresh: '0.2.4',
202 silly install resolved        ms: '0.7.1',
202 silly install resolved        parseurl: '~1.3.0' },
202 silly install resolved     devDependencies:
202 silly install resolved      { istanbul: '0.3.9',
202 silly install resolved        mocha: '2.2.4',
202 silly install resolved        proxyquire: '~1.2.0',
202 silly install resolved        supertest: '1.0.1' },
202 silly install resolved     files: [ 'LICENSE', 'HISTORY.md', 'index.js' ],
202 silly install resolved     engines: { node: '>= 0.8.0' },
202 silly install resolved     scripts:
202 silly install resolved      { test: 'mocha --reporter spec --bail --check-leaks test/',
202 silly install resolved        'test-ci': 'istanbul cover node_modules/mocha/bin/_mocha --report lcovonly -- --reporter spec --check-leaks test/',
202 silly install resolved        'test-cov': 'istanbul cover node_modules/mocha/bin/_mocha -- --reporter dot --check-leaks test/' },
202 silly install resolved     gitHead: '68ea9f2cb7363db6f66effe39c35e888689d81f6',
202 silly install resolved     bugs: { url: 'https://github.com/expressjs/serve-favicon/issues' },
202 silly install resolved     homepage: 'https://github.com/expressjs/serve-favicon',
202 silly install resolved     _id: 'serve-favicon@2.2.1',
202 silly install resolved     _shasum: 'd97bacc150f66fe0e5cc4c78a84ba15bae5a584a',
202 silly install resolved     _from: 'serve-favicon@>=2.2.1 <2.3.0',
202 silly install resolved     _npmVersion: '1.4.28',
202 silly install resolved     _npmUser: { name: 'dougwilson', email: 'doug@somethingdoug.com' },
202 silly install resolved     maintainers: [ [Object] ],
202 silly install resolved     dist:
202 silly install resolved      { shasum: 'd97bacc150f66fe0e5cc4c78a84ba15bae5a584a',
202 silly install resolved        tarball: 'http://registry.npmjs.org/serve-favicon/-/serve-favicon-2.2.1.tgz' },
202 silly install resolved     directories: {},
202 silly install resolved     _resolved: 'https://registry.npmjs.org/serve-favicon/-/serve-favicon-2.2.1.tgz',
202 silly install resolved     readme: 'ERROR: No README data found!' },
202 silly install resolved   { name: 'debug',
202 silly install resolved     version: '2.2.0',
202 silly install resolved     repository: { type: 'git', url: 'git://github.com/visionmedia/debug.git' },
202 silly install resolved     description: 'small debugging utility',
202 silly install resolved     keywords: [ 'debug', 'log', 'debugger' ],
202 silly install resolved     author: { name: 'TJ Holowaychuk', email: 'tj@vision-media.ca' },
202 silly install resolved     contributors: [ [Object] ],
202 silly install resolved     license: 'MIT',
202 silly install resolved     dependencies: { ms: '0.7.1' },
202 silly install resolved     devDependencies: { browserify: '9.0.3', mocha: '*' },
202 silly install resolved     main: './node.js',
202 silly install resolved     browser: './browser.js',
202 silly install resolved     component: { scripts: [Object] },
202 silly install resolved     gitHead: 'b38458422b5aa8aa6d286b10dfe427e8a67e2b35',
202 silly install resolved     bugs: { url: 'https://github.com/visionmedia/debug/issues' },
202 silly install resolved     homepage: 'https://github.com/visionmedia/debug',
202 silly install resolved     _id: 'debug@2.2.0',
202 silly install resolved     scripts: {},
202 silly install resolved     _shasum: 'f87057e995b1a1f6ae6a4960664137bc56f039da',
202 silly install resolved     _from: 'debug@>=2.2.0 <2.3.0',
202 silly install resolved     _npmVersion: '2.7.4',
202 silly install resolved     _nodeVersion: '0.12.2',
202 silly install resolved     _npmUser: { name: 'tootallnate', email: 'nathan@tootallnate.net' },
202 silly install resolved     maintainers: [ [Object], [Object] ],
202 silly install resolved     dist:
202 silly install resolved      { shasum: 'f87057e995b1a1f6ae6a4960664137bc56f039da',
202 silly install resolved        tarball: 'https://registry.npmjs.org/debug/-/debug-2.2.0.tgz' },
202 silly install resolved     directories: {},
202 silly install resolved     _resolved: 'https://registry.npmjs.org/debug/-/debug-2.2.0.tgz',
202 silly install resolved     readme: 'ERROR: No README data found!' },
202 silly install resolved   { name: 'morgan',
202 silly install resolved     description: 'HTTP request logger middleware for node.js',
202 silly install resolved     version: '1.5.3',
202 silly install resolved     contributors: [ [Object], [Object] ],
202 silly install resolved     license: 'MIT',
202 silly install resolved     repository:
202 silly install resolved      { type: 'git',
202 silly install resolved        url: 'git+https://github.com/expressjs/morgan.git' },
202 silly install resolved     dependencies:
202 silly install resolved      { 'basic-auth': '~1.0.1',
202 silly install resolved        debug: '~2.2.0',
202 silly install resolved        depd: '~1.0.1',
202 silly install resolved        'on-finished': '~2.2.1' },
202 silly install resolved     devDependencies: { istanbul: '0.3.9', mocha: '~2.2.4', supertest: '~0.15.0' },
202 silly install resolved     files: [ 'LICENSE', 'HISTORY.md', 'README.md', 'index.js' ],
202 silly install resolved     engines: { node: '>= 0.8.0' },
202 silly install resolved     scripts:
202 silly install resolved      { test: 'mocha --check-leaks --reporter spec --bail',
202 silly install resolved        'test-cov': 'istanbul cover node_modules/mocha/bin/_mocha -- --check-leaks --reporter dot',
202 silly install resolved        'test-travis': 'istanbul cover node_modules/mocha/bin/_mocha --report lcovonly -- --check-leaks --reporter spec' },
202 silly install resolved     gitHead: '7d5a190e6e22c4871c15aff2143bf76b808052cf',
202 silly install resolved     bugs: { url: 'https://github.com/expressjs/morgan/issues' },
202 silly install resolved     homepage: 'https://github.com/expressjs/morgan',
202 silly install resolved     _id: 'morgan@1.5.3',
202 silly install resolved     _shasum: '8adb4e72f9e5c5436e5d93f42910835f79da9fdf',
202 silly install resolved     _from: 'morgan@>=1.5.3 <1.6.0',
202 silly install resolved     _npmVersion: '1.4.28',
202 silly install resolved     _npmUser: { name: 'dougwilson', email: 'doug@somethingdoug.com' },
202 silly install resolved     maintainers: [ [Object], [Object], [Object], [Object], [Object], [Object] ],
202 silly install resolved     dist:
202 silly install resolved      { shasum: '8adb4e72f9e5c5436e5d93f42910835f79da9fdf',
202 silly install resolved        tarball: 'http://registry.npmjs.org/morgan/-/morgan-1.5.3.tgz' },
202 silly install resolved     directories: {},
202 silly install resolved     _resolved: 'https://registry.npmjs.org/morgan/-/morgan-1.5.3.tgz',
202 silly install resolved     readme: 'ERROR: No README data found!' },
202 silly install resolved   { name: 'express',
202 silly install resolved     description: 'Fast, unopinionated, minimalist web framework',
202 silly install resolved     version: '4.12.4',
202 silly install resolved     author: { name: 'TJ Holowaychuk', email: 'tj@vision-media.ca' },
202 silly install resolved     contributors:
202 silly install resolved      [ [Object],
202 silly install resolved        [Object],
202 silly install resolved        [Object],
202 silly install resolved        [Object],
202 silly install resolved        [Object],
202 silly install resolved        [Object],
202 silly install resolved        [Object] ],
202 silly install resolved     license: 'MIT',
202 silly install resolved     repository:
202 silly install resolved      { type: 'git',
202 silly install resolved        url: 'git+https://github.com/strongloop/express.git' },
202 silly install resolved     homepage: 'http://expressjs.com/',
202 silly install resolved     keywords:
202 silly install resolved      [ 'express',
202 silly install resolved        'framework',
202 silly install resolved        'sinatra',
202 silly install resolved        'web',
202 silly install resolved        'rest',
202 silly install resolved        'restful',
202 silly install resolved        'router',
202 silly install resolved        'app',
202 silly install resolved        'api' ],
202 silly install resolved     dependencies:
202 silly install resolved      { accepts: '~1.2.7',
202 silly install resolved        'content-disposition': '0.5.0',
202 silly install resolved        'content-type': '~1.0.1',
202 silly install resolved        cookie: '0.1.2',
202 silly install resolved        'cookie-signature': '1.0.6',
202 silly install resolved        debug: '~2.2.0',
202 silly install resolved        depd: '~1.0.1',
202 silly install resolved        'escape-html': '1.0.1',
202 silly install resolved        etag: '~1.6.0',
202 silly install resolved        finalhandler: '0.3.6',
202 silly install resolved        fresh: '0.2.4',
202 silly install resolved        'merge-descriptors': '1.0.0',
202 silly install resolved        methods: '~1.1.1',
202 silly install resolved        'on-finished': '~2.2.1',
202 silly install resolved        parseurl: '~1.3.0',
202 silly install resolved        'path-to-regexp': '0.1.3',
202 silly install resolved        'proxy-addr': '~1.0.8',
202 silly install resolved        qs: '2.4.2',
202 silly install resolved        'range-parser': '~1.0.2',
202 silly install resolved        send: '0.12.3',
202 silly install resolved        'serve-static': '~1.9.3',
202 silly install resolved        'type-is': '~1.6.2',
202 silly install resolved        vary: '~1.0.0',
202 silly install resolved        'utils-merge': '1.0.0' },
202 silly install resolved     devDependencies:
202 silly install resolved      { after: '0.8.1',
202 silly install resolved        ejs: '2.3.1',
202 silly install resolved        istanbul: '0.3.9',
202 silly install resolved        marked: '0.3.3',
202 silly install resolved        mocha: '2.2.5',
202 silly install resolved        should: '6.0.1',
202 silly install resolved        supertest: '1.0.1',
202 silly install resolved        'body-parser': '~1.12.4',
202 silly install resolved        'connect-redis': '~2.3.0',
202 silly install resolved        'cookie-parser': '~1.3.4',
202 silly install resolved        'cookie-session': '~1.1.0',
202 silly install resolved        'express-session': '~1.11.2',
202 silly install resolved        jade: '~1.9.2',
202 silly install resolved        'method-override': '~2.3.3',
202 silly install resolved        morgan: '~1.5.3',
202 silly install resolved        multiparty: '~4.1.2',
202 silly install resolved        vhost: '~3.0.0' },
202 silly install resolved     engines: { node: '>= 0.10.0' },
202 silly install resolved     files: [ 'LICENSE', 'History.md', 'Readme.md', 'index.js', 'lib/' ],
202 silly install resolved     scripts:
202 silly install resolved      { test: 'mocha --require test/support/env --reporter spec --bail --check-leaks test/ test/acceptance/',
202 silly install resolved        'test-ci': 'istanbul cover node_modules/mocha/bin/_mocha --report lcovonly -- --require test/support/env --reporter spec --check-leaks test/ test/acceptance/',
202 silly install resolved        'test-cov': 'istanbul cover node_modules/mocha/bin/_mocha -- --require test/support/env --reporter dot --check-leaks test/ test/acceptance/',
202 silly install resolved        'test-tap': 'mocha --require test/support/env --reporter tap --check-leaks test/ test/acceptance/' },
202 silly install resolved     gitHead: 'e9c9f95ade0f20a048861ac886d4767a839d5286',
202 silly install resolved     bugs: { url: 'https://github.com/strongloop/express/issues' },
202 silly install resolved     _id: 'express@4.12.4',
202 silly install resolved     _shasum: '8fec2510255bc6b2e58107c48239c0fa307c1aa2',
202 silly install resolved     _from: 'express@>=4.12.4 <4.13.0',
202 silly install resolved     _npmVersion: '1.4.28',
202 silly install resolved     _npmUser: { name: 'dougwilson', email: 'doug@somethingdoug.com' },
202 silly install resolved     maintainers:
202 silly install resolved      [ [Object],
202 silly install resolved        [Object],
202 silly install resolved        [Object],
202 silly install resolved        [Object],
202 silly install resolved        [Object],
202 silly install resolved        [Object],
202 silly install resolved        [Object] ],
202 silly install resolved     dist:
202 silly install resolved      { shasum: '8fec2510255bc6b2e58107c48239c0fa307c1aa2',
202 silly install resolved        tarball: 'http://registry.npmjs.org/express/-/express-4.12.4.tgz' },
202 silly install resolved     directories: {},
202 silly install resolved     _resolved: 'https://registry.npmjs.org/express/-/express-4.12.4.tgz',
202 silly install resolved     readme: 'ERROR: No README data found!' } ]
203 info install body-parser@1.12.4 into /home/alan/chat-nodejs-angujar
204 info install jade@1.9.2 into /home/alan/chat-nodejs-angujar
205 info install cookie-parser@1.3.5 into /home/alan/chat-nodejs-angujar
206 info install serve-favicon@2.2.1 into /home/alan/chat-nodejs-angujar
207 info install debug@2.2.0 into /home/alan/chat-nodejs-angujar
208 info install morgan@1.5.3 into /home/alan/chat-nodejs-angujar
209 info install express@4.12.4 into /home/alan/chat-nodejs-angujar
210 info installOne body-parser@1.12.4
211 verbose installOne of body-parser to /home/alan/chat-nodejs-angujar not in flight; installing
212 info installOne jade@1.9.2
213 verbose installOne of jade to /home/alan/chat-nodejs-angujar not in flight; installing
214 info installOne cookie-parser@1.3.5
215 verbose installOne of cookie-parser to /home/alan/chat-nodejs-angujar not in flight; installing
216 info installOne serve-favicon@2.2.1
217 verbose installOne of serve-favicon to /home/alan/chat-nodejs-angujar not in flight; installing
218 info installOne debug@2.2.0
219 verbose installOne of debug to /home/alan/chat-nodejs-angujar not in flight; installing
220 info installOne morgan@1.5.3
221 verbose installOne of morgan to /home/alan/chat-nodejs-angujar not in flight; installing
222 info installOne express@4.12.4
223 verbose installOne of express to /home/alan/chat-nodejs-angujar not in flight; installing
224 warn locking Error: EACCES, open '/home/alan/.npm/_locks/body-parser-872fea83d876d595.lock'
224 warn locking     at Error (native)
224 warn locking  /home/alan/.npm/_locks/body-parser-872fea83d876d595.lock failed { [Error: EACCES, open '/home/alan/.npm/_locks/body-parser-872fea83d876d595.lock']
224 warn locking   errno: -13,
224 warn locking   code: 'EACCES',
224 warn locking   path: '/home/alan/.npm/_locks/body-parser-872fea83d876d595.lock' }
225 verbose stack Error: Attempt to unlock /home/alan/chat-nodejs-angujar/node_modules/body-parser, which hasn't been locked
225 verbose stack     at unlock (/usr/local/lib/node_modules/npm/lib/utils/locker.js:66:11)
225 verbose stack     at cb (/usr/local/lib/node_modules/npm/lib/install.js:1017:5)
225 verbose stack     at /usr/local/lib/node_modules/npm/lib/install.js:1021:20
225 verbose stack     at /usr/local/lib/node_modules/npm/lib/utils/locker.js:40:9
225 verbose stack     at cb (/usr/local/lib/node_modules/npm/node_modules/lockfile/lockfile.js:149:38)
225 verbose stack     at /usr/local/lib/node_modules/npm/node_modules/lockfile/lockfile.js:177:38
225 verbose stack     at FSReqWrap.oncomplete (fs.js:95:15)
226 verbose cwd /home/alan/chat-nodejs-angujar
227 error Linux 3.19.0-22-generic
228 error argv "/usr/local/bin/node" "/usr/local/bin/npm" "install"
229 error node v0.12.4
230 error npm  v2.10.1
231 error Attempt to unlock /home/alan/chat-nodejs-angujar/node_modules/body-parser, which hasn't been locked
232 error If you need help, you may report this error at:
232 error     <https://github.com/npm/npm/issues>
233 verbose exit [ 1, true ]
